<?xml version="1.0" encoding="UTF-8"?>
<!-- Generated by org.testng.reporters.JUnitXMLReporter -->
<testsuite hostname="MacintoshHDsMBP" ignored="0" name="Run On Chrome" tests="3" failures="0" timestamp="31 Oct 2020 18:04:11 GMT" time="26.284" errors="0">
  <testcase name="TC_01_Data_In_Class" time="3.008" classname="com.liveguru.users.Level_22_Data_Test_Management"/>
  <testcase name="TC_02_Data_Out_Class" time="3.435" classname="com.liveguru.users.Level_22_Data_Test_Management"/>
  <testcase name="TC_03_Data_JSon" time="3.849" classname="com.liveguru.users.Level_22_Data_Test_Management"/>
</testsuite> <!-- Run On Chrome -->
