<?xml version="1.0" encoding="UTF-8"?>
<!-- Generated by org.testng.reporters.JUnitXMLReporter -->
<testsuite hostname="MacintoshHDsMBP" ignored="0" name="Run On Chrome" tests="2" failures="0" timestamp="25 Oct 2020 15:44:50 GMT" time="15.04" errors="0">
  <testcase name="TC_01_Register_Valid_Data" time="7.021" classname="com.liveguru.users.Level_19_Dynamic_Element_Component"/>
  <testcase name="TC_02_Login" time="2.939" classname="com.liveguru.users.Level_19_Dynamic_Element_Component"/>
</testsuite> <!-- Run On Chrome -->
