<?xml version="1.0" encoding="UTF-8"?>
<testng-results skipped="0" failed="0" ignored="0" total="3" passed="3">
  <reporter-output>
  </reporter-output>
  <suite name="Suite" duration-ms="57865" started-at="2020-09-22T15:15:51Z" finished-at="2020-09-22T15:16:48Z">
    <groups>
    </groups>
    <test name="Run On Chrome" duration-ms="13404" started-at="2020-09-22T15:15:51Z" finished-at="2020-09-22T15:16:04Z">
      <class name="com.liveguru.users.Level_04_Page_Object">
        <test-method status="PASS" signature="beforeClass(java.lang.String, java.lang.String)[pri:0, instance:com.liveguru.users.Level_04_Page_Object@28feb3fa]" name="beforeClass" is-config="true" duration-ms="7149" started-at="2020-09-22T15:15:51Z" finished-at="2020-09-22T15:15:58Z">
          <params>
            <param index="0">
              <value>
                <![CDATA[chrome]]>
              </value>
            </param>
            <param index="1">
              <value>
                <![CDATA[http://live.demoguru99.com/]]>
              </value>
            </param>
          </params>
          <reporter-output>
          </reporter-output>
        </test-method> <!-- beforeClass -->
        <test-method status="PASS" signature="beforeMethod()[pri:0, instance:com.liveguru.users.Level_04_Page_Object@28feb3fa]" name="beforeMethod" is-config="true" duration-ms="3394" started-at="2020-09-22T15:15:58Z" finished-at="2020-09-22T15:16:01Z">
          <reporter-output>
          </reporter-output>
        </test-method> <!-- beforeMethod -->
        <test-method status="PASS" signature="Register_05_Valid_Data()[pri:0, instance:com.liveguru.users.Level_04_Page_Object@28feb3fa]" name="Register_05_Valid_Data" duration-ms="2761" started-at="2020-09-22T15:16:01Z" finished-at="2020-09-22T15:16:04Z">
          <reporter-output>
          </reporter-output>
        </test-method> <!-- Register_05_Valid_Data -->
        <test-method status="PASS" signature="afterClass()[pri:0, instance:com.liveguru.users.Level_04_Page_Object@28feb3fa]" name="afterClass" is-config="true" duration-ms="89" started-at="2020-09-22T15:16:04Z" finished-at="2020-09-22T15:16:04Z">
          <reporter-output>
          </reporter-output>
        </test-method> <!-- afterClass -->
      </class> <!-- com.liveguru.users.Level_04_Page_Object -->
    </test> <!-- Run On Chrome -->
    <test name="Run On FireFox" duration-ms="31966" started-at="2020-09-22T15:16:04Z" finished-at="2020-09-22T15:16:36Z">
      <class name="com.liveguru.users.Level_04_Page_Object">
        <test-method status="PASS" signature="beforeClass(java.lang.String, java.lang.String)[pri:0, instance:com.liveguru.users.Level_04_Page_Object@68c4039c]" name="beforeClass" is-config="true" duration-ms="17289" started-at="2020-09-22T15:16:04Z" finished-at="2020-09-22T15:16:21Z">
          <params>
            <param index="0">
              <value>
                <![CDATA[firefox]]>
              </value>
            </param>
            <param index="1">
              <value>
                <![CDATA[http://live.demoguru99.com/]]>
              </value>
            </param>
          </params>
          <reporter-output>
          </reporter-output>
        </test-method> <!-- beforeClass -->
        <test-method status="PASS" signature="beforeMethod()[pri:0, instance:com.liveguru.users.Level_04_Page_Object@68c4039c]" name="beforeMethod" is-config="true" duration-ms="9619" started-at="2020-09-22T15:16:21Z" finished-at="2020-09-22T15:16:31Z">
          <reporter-output>
          </reporter-output>
        </test-method> <!-- beforeMethod -->
        <test-method status="PASS" signature="Register_05_Valid_Data()[pri:0, instance:com.liveguru.users.Level_04_Page_Object@68c4039c]" name="Register_05_Valid_Data" duration-ms="4601" started-at="2020-09-22T15:16:31Z" finished-at="2020-09-22T15:16:35Z">
          <reporter-output>
          </reporter-output>
        </test-method> <!-- Register_05_Valid_Data -->
        <test-method status="PASS" signature="afterClass()[pri:0, instance:com.liveguru.users.Level_04_Page_Object@68c4039c]" name="afterClass" is-config="true" duration-ms="455" started-at="2020-09-22T15:16:35Z" finished-at="2020-09-22T15:16:36Z">
          <reporter-output>
          </reporter-output>
        </test-method> <!-- afterClass -->
      </class> <!-- com.liveguru.users.Level_04_Page_Object -->
    </test> <!-- Run On FireFox -->
    <test name="Run On Edge" duration-ms="12471" started-at="2020-09-22T15:16:36Z" finished-at="2020-09-22T15:16:48Z">
      <class name="com.liveguru.users.Level_04_Page_Object">
        <test-method status="PASS" signature="beforeClass(java.lang.String, java.lang.String)[pri:0, instance:com.liveguru.users.Level_04_Page_Object@66a3ffec]" name="beforeClass" is-config="true" duration-ms="6090" started-at="2020-09-22T15:16:36Z" finished-at="2020-09-22T15:16:42Z">
          <params>
            <param index="0">
              <value>
                <![CDATA[edge]]>
              </value>
            </param>
            <param index="1">
              <value>
                <![CDATA[http://live.demoguru99.com/]]>
              </value>
            </param>
          </params>
          <reporter-output>
          </reporter-output>
        </test-method> <!-- beforeClass -->
        <test-method status="PASS" signature="beforeMethod()[pri:0, instance:com.liveguru.users.Level_04_Page_Object@66a3ffec]" name="beforeMethod" is-config="true" duration-ms="3512" started-at="2020-09-22T15:16:42Z" finished-at="2020-09-22T15:16:46Z">
          <reporter-output>
          </reporter-output>
        </test-method> <!-- beforeMethod -->
        <test-method status="PASS" signature="Register_05_Valid_Data()[pri:0, instance:com.liveguru.users.Level_04_Page_Object@66a3ffec]" name="Register_05_Valid_Data" duration-ms="2779" started-at="2020-09-22T15:16:46Z" finished-at="2020-09-22T15:16:48Z">
          <reporter-output>
          </reporter-output>
        </test-method> <!-- Register_05_Valid_Data -->
        <test-method status="PASS" signature="afterClass()[pri:0, instance:com.liveguru.users.Level_04_Page_Object@66a3ffec]" name="afterClass" is-config="true" duration-ms="88" started-at="2020-09-22T15:16:48Z" finished-at="2020-09-22T15:16:48Z">
          <reporter-output>
          </reporter-output>
        </test-method> <!-- afterClass -->
      </class> <!-- com.liveguru.users.Level_04_Page_Object -->
    </test> <!-- Run On Edge -->
  </suite> <!-- Suite -->
</testng-results>
